
> tech-meet-event@2.2.3 start
> cd server && NODE_ENV=production npm start


> tech-meet-event-server@2.2.3 start
> node index.js

[dotenv@17.2.3] injecting env (4) from .env -- tip: 🔄 add secrets lifecycle management: https://dotenvx.com/ops
Server running on port 3001
Mode: production
Supabase initialized successfully
Saving chatbot data to Supabase
✅ Successfully saved chatbot data to Supabase
Fetching chatbot data from Supabase
Fetching chatbot data from Supabase
Fetching chatbot data from Supabase
Fetching event data from Supabase
Fetching event data from Supabase
Fetching chatbot data from Supabase
Fetching event data from Supabase
Fetching chatbot data from Supabase
Fetching event data from Supabase
Saving chatbot data to Supabase
✅ Successfully saved chatbot data to Supabase
Fetching chatbot data from Supabase
Fetching chatbot data from Supabase
Fetching chatbot data from Supabase
Fetching leaderboard from Supabase
Fetching leaderboard from Supabase
Fetching chatbot data from Supabase
Fetching chatbot data from Supabase
Fetching event data from Supabase
Fetching event data from Supabase
Fetching chatbot data from Supabase
Fetching event data from Supabase
Fetching chatbot data from Supabase
Fetching event data from Supabase
Saving chatbot data to Supabase
✅ Successfully saved chatbot data to Supabase
Saving chatbot data to Supabase
✅ Successfully saved chatbot data to Supabase
Fetching chatbot data from Supabase
Fetching chatbot data from Supabase
Fetching chatbot data from Supabase
Saving chatbot data to Supabase
✅ Successfully saved chatbot data to Supabase
Fetching chatbot data from Supabase
Fetching chatbot data from Supabase
Fetching chatbot data from Supabase
Fetching event data from Supabase
Fetching event data from Supabase
Fetching chatbot data from Supabase
Fetching event data from Supabase
Fetching chatbot data from Supabase
Fetching event data from Supabase
